<?xml version="1.0" encoding="utf-8" standalone="no"?>
<!--This file represents the results of running a test suite-->
<test-results name="C:\Projects\git\Parallax\Parallax.Web.Tests\bin\Debug\Parallax.Web.Tests.dll" total="1" errors="0" failures="0" not-run="0" inconclusive="1" ignored="0" skipped="0" invalid="0" date="2012-04-26" time="06:23:47">
  <environment nunit-version="2.5.10.11092" clr-version="2.0.50727.5448" os-version="Microsoft Windows NT 6.1.7601 Service Pack 1" platform="Win32NT" cwd="C:\Projects\Vault\packages\NUnit.2.5.10.11092\tools" machine-name="MOONEYLAPTOP7" user="admin" user-domain="MOONEYLAPTOP7" />
  <culture-info current-culture="en-US" current-uiculture="en-US" />
  <test-suite type="Assembly" name="C:\Projects\git\Parallax\Parallax.Web.Tests\bin\Debug\Parallax.Web.Tests.dll" executed="True" result="Inconclusive" success="False" time="0.960" asserts="0">
    <results>
      <test-suite type="Namespace" name="Parallax" executed="True" result="Inconclusive" success="False" time="0.940" asserts="0">
        <results>
          <test-suite type="Namespace" name="Web" executed="True" result="Inconclusive" success="False" time="0.940" asserts="0">
            <results>
              <test-suite type="Namespace" name="Tests" executed="True" result="Inconclusive" success="False" time="0.940" asserts="0">
                <results>
                  <test-suite type="TestFixture" name="AdditionFeature" description="Addition" executed="True" result="Inconclusive" success="False" time="0.940" asserts="0">
                    <results>
                      <test-case name="Parallax.Web.Tests.AdditionFeature.Login" description="Login" executed="True" result="Inconclusive" success="False" time="0.200" asserts="0">
                        <categories>
                          <category name="mytag" />
                        </categories>
                        <reason>
                          <message><![CDATA[One or more step definitions are not implemented yet.
  StepDefinitions.GivenIHaveAValidLoginAndPassword()]]></message>
                        </reason>
                      </test-case>
                    </results>
                  </test-suite>
                </results>
              </test-suite>
            </results>
          </test-suite>
        </results>
      </test-suite>
    </results>
  </test-suite>
</test-results>